0 info it worked if it ends with ok
1 verbose cli [ '/usr/local/heroku/bin/node',
1 verbose cli   '/usr/local/bin/npm',
1 verbose cli   'install',
1 verbose cli   'tedious',
1 verbose cli   '--save' ]
2 info using npm@3.10.8
3 info using node@v9.2.0
4 verbose stack Error: Cannot find module 'internal/util/types'
4 verbose stack     at Function.Module._resolveFilename (module.js:542:15)
4 verbose stack     at Function.Module._load (module.js:472:25)
4 verbose stack     at Module.require (module.js:585:17)
4 verbose stack     at require (internal/module.js:11:18)
4 verbose stack     at evalmachine.<anonymous>:31:26
4 verbose stack     at Object.<anonymous> (/usr/local/lib/node_modules/npm/node_modules/cmd-shim/node_modules/graceful-fs/fs.js:11:1)
4 verbose stack     at Module._compile (module.js:641:30)
4 verbose stack     at Object.Module._extensions..js (module.js:652:10)
4 verbose stack     at Module.load (module.js:560:32)
4 verbose stack     at tryModuleLoad (module.js:503:12)
5 verbose cwd /home/ben/projects/zilberman/dashboard
6 error Linux 4.4.0-104-generic
7 error argv "/usr/local/heroku/bin/node" "/usr/local/bin/npm" "install" "tedious" "--save"
8 error node v9.2.0
9 error npm  v3.10.8
10 error code MODULE_NOT_FOUND
11 error Cannot find module 'internal/util/types'
12 error If you need help, you may report this error at:
12 error     <https://github.com/npm/npm/issues>
13 verbose exit [ 1, true ]
